<?xml version="1.0" encoding="UTF-8"?>
<!-- Generated by org.testng.reporters.JUnitXMLReporter -->
<testsuite ignored="0" hostname="Yamunas-MacBook-Pro.local" failures="0" tests="5" name="RestAPITest" time="4.419" errors="0" timestamp="2020-05-11T14:12:44 PDT">
  <testcase classname="com.qa.test.GetAPITest" name="getAPITest" time="0.53"/>
  <testcase classname="com.qa.test.GetAPITest" name="getAPITestWithHeaders" time="0.152"/>
  <testcase classname="com.qa.test.PostAPITest" name="postAPITest" time="0.652"/>
  <testcase classname="com.qa.test.PutAPITest" name="putAPITest" time="2.537"/>
  <testcase classname="com.qa.test.DeleteAPITest" name="deleteAPITest" time="0.507"/>
</testsuite> <!-- RestAPITest -->
